# JRE version: OpenJDK Runtime Environment (8.0_202) (build 1.8.0_202-release-1483-b49-5587405)
# Java VM: OpenJDK 64-Bit Server VM (25.202-b49-5587405 mixed mode linux-amd64 compressed oops)
Heap:
 PSYoungGen      total 450048K, used 0K [0x00000000e0000000, 0x0000000100000000, 0x0000000100000000)
  eden space 395776K, 0% used [0x00000000e0000000,0x00000000e0000000,0x00000000f8280000)
  from space 54272K, 0% used [0x00000000f8280000,0x00000000f8280000,0x00000000fb780000)
  to   space 61952K, 0% used [0x00000000fc380000,0x00000000fc380000,0x0000000100000000)
 ParOldGen       total 241152K, used 212666K [0x00000000a0000000, 0x00000000aeb80000, 0x00000000e0000000)
  object space 241152K, 88% used [0x00000000a0000000,0x00000000acfae9b0,0x00000000aeb80000)
 Metaspace       used 84700K, capacity 88198K, committed 88664K, reserved 1126400K
  class space    used 11036K, capacity 11845K, committed 11904K, reserved 1048576K
GC Heap History (10 events):
Event: 575.975 GC heap after
Heap after GC invocations=14 (full 3):
 PSYoungGen      total 283648K, used 15962K [0x00000000e0000000, 0x00000000f6f00000, 0x0000000100000000)
  eden space 259584K, 0% used [0x00000000e0000000,0x00000000e0000000,0x00000000efd80000)
  from space 24064K, 66% used [0x00000000efd80000,0x00000000f0d16820,0x00000000f1500000)
  to   space 24064K, 0% used [0x00000000f5780000,0x00000000f5780000,0x00000000f6f00000)
 ParOldGen       total 218624K, used 35127K [0x00000000a0000000, 0x00000000ad580000, 0x00000000e0000000)
  object space 218624K, 16% used [0x00000000a0000000,0x00000000a224df90,0x00000000ad580000)
 Metaspace       used 72004K, capacity 74354K, committed 74584K, reserved 1114112K
  class space    used 9480K, capacity 10073K, committed 10112K, reserved 1048576K
}
Event: 578.682 GC heap before
{Heap before GC invocations=15 (full 3):
 PSYoungGen      total 283648K, used 275546K [0x00000000e0000000, 0x00000000f6f00000, 0x0000000100000000)
  eden space 259584K, 100% used [0x00000000e0000000,0x00000000efd80000,0x00000000efd80000)
  from space 24064K, 66% used [0x00000000efd80000,0x00000000f0d16820,0x00000000f1500000)
  to   space 24064K, 0% used [0x00000000f5780000,0x00000000f5780000,0x00000000f6f00000)
 ParOldGen       total 218624K, used 35127K [0x00000000a0000000, 0x00000000ad580000, 0x00000000e0000000)
  object space 218624K, 16% used [0x00000000a0000000,0x00000000a224df90,0x00000000ad580000)
 Metaspace       used 82118K, capacity 85374K, committed 85720K, reserved 1124352K
  class space    used 10721K, capacity 11469K, committed 11520K, reserved 1048576K
Event: 578.727 GC heap after
Heap after GC invocations=15 (full 3):
 PSYoungGen      total 346624K, used 24054K [0x00000000e0000000, 0x00000000f7880000, 0x0000000100000000)
  eden space 322560K, 0% used [0x00000000e0000000,0x00000000e0000000,0x00000000f3b00000)
  from space 24064K, 99% used [0x00000000f5780000,0x00000000f6efdb58,0x00000000f6f00000)
  to   space 29184K, 0% used [0x00000000f3b00000,0x00000000f3b00000,0x00000000f5780000)
 ParOldGen       total 218624K, used 41715K [0x00000000a0000000, 0x00000000ad580000, 0x00000000e0000000)
  object space 218624K, 19% used [0x00000000a0000000,0x00000000a28bcf60,0x00000000ad580000)
 Metaspace       used 82118K, capacity 85374K, committed 85720K, reserved 1124352K
  class space    used 10721K, capacity 11469K, committed 11520K, reserved 1048576K
}
Event: 581.667 GC heap before
{Heap before GC invocations=16 (full 3):
 PSYoungGen      total 346624K, used 343241K [0x00000000e0000000, 0x00000000f7880000, 0x0000000100000000)
  eden space 322560K, 98% used [0x00000000e0000000,0x00000000f37b4c98,0x00000000f3b00000)
  from space 24064K, 99% used [0x00000000f5780000,0x00000000f6efdb58,0x00000000f6f00000)
  to   space 29184K, 0% used [0x00000000f3b00000,0x00000000f3b00000,0x00000000f5780000)
 ParOldGen       total 218624K, used 41715K [0x00000000a0000000, 0x00000000ad580000, 0x00000000e0000000)
  object space 218624K, 19% used [0x00000000a0000000,0x00000000a28bcf60,0x00000000ad580000)
 Metaspace       used 84785K, capacity 88440K, committed 88664K, reserved 1126400K
  class space    used 11068K, capacity 11902K, committed 11904K, reserved 1048576K
Event: 581.715 GC heap after
Heap after GC invocations=16 (full 3):
 PSYoungGen      total 351744K, used 29172K [0x00000000e0000000, 0x00000000fe680000, 0x0000000100000000)
  eden space 322560K, 0% used [0x00000000e0000000,0x00000000e0000000,0x00000000f3b00000)
  from space 29184K, 99% used [0x00000000f3b00000,0x00000000f577d1c8,0x00000000f5780000)
  to   space 48128K, 0% used [0x00000000fb780000,0x00000000fb780000,0x00000000fe680000)
 ParOldGen       total 218624K, used 82803K [0x00000000a0000000, 0x00000000ad580000, 0x00000000e0000000)
  object space 218624K, 37% used [0x00000000a0000000,0x00000000a50dce20,0x00000000ad580000)
 Metaspace       used 84785K, capacity 88440K, committed 88664K, reserved 1126400K
  class space    used 11068K, capacity 11902K, committed 11904K, reserved 1048576K
}
Event: 582.214 GC heap before
{Heap before GC invocations=17 (full 3):
 PSYoungGen      total 351744K, used 335857K [0x00000000e0000000, 0x00000000fe680000, 0x0000000100000000)
  eden space 322560K, 95% used [0x00000000e0000000,0x00000000f2b7f398,0x00000000f3b00000)
  from space 29184K, 99% used [0x00000000f3b00000,0x00000000f577d1c8,0x00000000f5780000)
  to   space 48128K, 0% used [0x00000000fb780000,0x00000000fb780000,0x00000000fe680000)
 ParOldGen       total 218624K, used 82803K [0x00000000a0000000, 0x00000000ad580000, 0x00000000e0000000)
  object space 218624K, 37% used [0x00000000a0000000,0x00000000a50dce20,0x00000000ad580000)
 Metaspace       used 84790K, capacity 88440K, committed 88664K, reserved 1126400K
  class space    used 11068K, capacity 11902K, committed 11904K, reserved 1048576K
Event: 582.260 GC heap after
Heap after GC invocations=17 (full 3):
 PSYoungGen      total 443904K, used 43206K [0x00000000e0000000, 0x0000000100000000, 0x0000000100000000)
  eden space 395776K, 0% used [0x00000000e0000000,0x00000000e0000000,0x00000000f8280000)
  from space 48128K, 89% used [0x00000000fb780000,0x00000000fe1b1b20,0x00000000fe680000)
  to   space 54272K, 0% used [0x00000000f8280000,0x00000000f8280000,0x00000000fb780000)
 ParOldGen       total 218624K, used 146916K [0x00000000a0000000, 0x00000000ad580000, 0x00000000e0000000)
  object space 218624K, 67% used [0x00000000a0000000,0x00000000a8f79248,0x00000000ad580000)
 Metaspace       used 84790K, capacity 88440K, committed 88664K, reserved 1126400K
  class space    used 11068K, capacity 11902K, committed 11904K, reserved 1048576K
}
Event: 582.799 GC heap before
{Heap before GC invocations=18 (full 3):
 PSYoungGen      total 443904K, used 429525K [0x00000000e0000000, 0x0000000100000000, 0x0000000100000000)
  eden space 395776K, 97% used [0x00000000e0000000,0x00000000f79439c0,0x00000000f8280000)
  from space 48128K, 89% used [0x00000000fb780000,0x00000000fe1b1b20,0x00000000fe680000)
  to   space 54272K, 0% used [0x00000000f8280000,0x00000000f8280000,0x00000000fb780000)
 ParOldGen       total 218624K, used 146916K [0x00000000a0000000, 0x00000000ad580000, 0x00000000e0000000)
  object space 218624K, 67% used [0x00000000a0000000,0x00000000a8f79248,0x00000000ad580000)
 Metaspace       used 84793K, capacity 88440K, committed 88664K, reserved 1126400K
  class space    used 11068K, capacity 11902K, committed 11904K, reserved 1048576K
Event: 582.945 GC heap after
Heap after GC invocations=18 (full 3):
 PSYoungGen      total 450048K, used 52735K [0x00000000e0000000, 0x0000000100000000, 0x0000000100000000)
  eden space 395776K, 0% used [0x00000000e0000000,0x00000000e0000000,0x00000000f8280000)
  from space 54272K, 97% used [0x00000000f8280000,0x00000000fb5ffcf0,0x00000000fb780000)
  to   space 61952K, 0% used [0x00000000fc380000,0x00000000fc380000,0x0000000100000000)
 ParOldGen       total 241152K, used 233675K [0x00000000a0000000, 0x00000000aeb80000, 0x00000000e0000000)
  object space 241152K, 96% used [0x00000000a0000000,0x00000000ae432c30,0x00000000aeb80000)
 Metaspace       used 84793K, capacity 88440K, committed 88664K, reserved 1126400K
  class space    used 11068K, capacity 11902K, committed 11904K, reserved 1048576K
}
Event: 582.946 GC heap before
{Heap before GC invocations=19 (full 4):
 PSYoungGen      total 450048K, used 52735K [0x00000000e0000000, 0x0000000100000000, 0x0000000100000000)
  eden space 395776K, 0% used [0x00000000e0000000,0x00000000e0000000,0x00000000f8280000)
  from space 54272K, 97% used [0x00000000f8280000,0x00000000fb5ffcf0,0x00000000fb780000)
  to   space 61952K, 0% used [0x00000000fc380000,0x00000000fc380000,0x0000000100000000)
 ParOldGen       total 241152K, used 233675K [0x00000000a0000000, 0x00000000aeb80000, 0x00000000e0000000)
  object space 241152K, 96% used [0x00000000a0000000,0x00000000ae432c30,0x00000000aeb80000)
 Metaspace       used 84793K, capacity 88440K, committed 88664K, reserved 1126400K
  class space    used 11068K, capacity 11902K, committed 11904K, reserved 1048576K

